0 info it worked if it ends with ok
1 verbose cli [ '/usr/local/bin/node',
1 verbose cli   '/usr/local/bin/npm',
1 verbose cli   'install',
1 verbose cli   'karma-exports',
1 verbose cli   '--save-dev' ]
2 info using npm@1.3.25
3 info using node@v0.11.12-pre
4 warn package.json node@0.0.0 No description
5 warn package.json node@0.0.0 No repository field.
6 verbose readDependencies using package.json deps
7 verbose cache add [ 'karma-exports', null ]
8 verbose cache add name=undefined spec="karma-exports" args=["karma-exports",null]
9 verbose parsed url { protocol: null,
9 verbose parsed url   slashes: null,
9 verbose parsed url   auth: null,
9 verbose parsed url   host: null,
9 verbose parsed url   port: null,
9 verbose parsed url   hostname: null,
9 verbose parsed url   hash: null,
9 verbose parsed url   search: null,
9 verbose parsed url   query: null,
9 verbose parsed url   pathname: 'karma-exports',
9 verbose parsed url   path: 'karma-exports',
9 verbose parsed url   href: 'karma-exports' }
10 silly lockFile 8d32f7b5-karma-exports karma-exports
11 verbose lock karma-exports /home/sergio/.npm/8d32f7b5-karma-exports.lock
12 silly lockFile 8d32f7b5-karma-exports karma-exports
13 silly lockFile 8d32f7b5-karma-exports karma-exports
14 verbose addNamed [ 'karma-exports', '' ]
15 verbose addNamed [ null, '*' ]
16 silly lockFile 216b88c3-karma-exports karma-exports@
17 verbose lock karma-exports@ /home/sergio/.npm/216b88c3-karma-exports.lock
18 silly addNameRange { name: 'karma-exports', range: '*', hasData: false }
19 verbose url raw karma-exports
20 verbose url resolving [ 'https://registry.npmjs.org/', './karma-exports' ]
21 verbose url resolved https://registry.npmjs.org/karma-exports
22 info trying registry request attempt 1 at 20:34:06
23 http GET https://registry.npmjs.org/karma-exports
24 http 404 https://registry.npmjs.org/karma-exports
25 silly registry.get cb [ 404,
25 silly registry.get   { date: 'Wed, 18 Mar 2015 20:34:15 GMT',
25 silly registry.get     server: 'CouchDB/1.5.0 (Erlang OTP/R16B03)',
25 silly registry.get     'content-type': 'application/json',
25 silly registry.get     'cache-control': 'max-age=0',
25 silly registry.get     'content-length': '51',
25 silly registry.get     'accept-ranges': 'bytes',
25 silly registry.get     via: '1.1 varnish',
25 silly registry.get     age: '0',
25 silly registry.get     'x-served-by': 'cache-fra1241-FRA',
25 silly registry.get     'x-cache': 'MISS',
25 silly registry.get     'x-cache-hits': '0',
25 silly registry.get     'x-timer': 'S1426710855.289269,VS0,VE426',
25 silly registry.get     connection: 'close' } ]
26 silly lockFile 216b88c3-karma-exports karma-exports@
27 silly lockFile 216b88c3-karma-exports karma-exports@
28 error 404 'karma-exports' is not in the npm registry.
28 error 404 You should bug the author to publish it
28 error 404 It was specified as a dependency of 'PracticaPL05'
28 error 404
28 error 404 Note that you can also install from a
28 error 404 tarball, folder, or http url, or git url.
29 error System Linux 3.13.0-46-generic
30 error command "/usr/local/bin/node" "/usr/local/bin/npm" "install" "karma-exports" "--save-dev"
31 error cwd /home/sergio/Documentos/PL/PracticaPL05
32 error node -v v0.11.12-pre
33 error npm -v 1.3.25
34 error code E404
35 verbose exit [ 1, true ]
